  Source.cpp
C:\Users\Ekram\Documents\MyFolder\C++ Projects\CG_Project\Project_Final\Project_Final\Source.cpp(24,21): warning C4305: 'initializing': truncation from 'double' to 'GLfloat'
C:\Users\Ekram\Documents\MyFolder\C++ Projects\CG_Project\Project_Final\Project_Final\Source.cpp(26,30): warning C4305: 'initializing': truncation from 'double' to 'GLfloat'
C:\Users\Ekram\Documents\MyFolder\C++ Projects\CG_Project\Project_Final\Project_Final\Source.cpp(75,1): warning C4305: 'initializing': truncation from 'double' to 'GLfloat'
C:\Users\Ekram\Documents\MyFolder\C++ Projects\CG_Project\Project_Final\Project_Final\Source.cpp(155,50): warning C4305: 'initializing': truncation from 'double' to 'GLfloat'
C:\Users\Ekram\Documents\MyFolder\C++ Projects\CG_Project\Project_Final\Project_Final\Source.cpp(156,46): warning C4305: 'initializing': truncation from 'double' to 'GLfloat'
C:\Users\Ekram\Documents\MyFolder\C++ Projects\CG_Project\Project_Final\Project_Final\Source.cpp(157,57): warning C4305: 'initializing': truncation from 'double' to 'GLfloat'
C:\Users\Ekram\Documents\MyFolder\C++ Projects\CG_Project\Project_Final\Project_Final\Source.cpp(165,56): warning C4305: 'initializing': truncation from 'double' to 'GLfloat'
C:\Users\Ekram\Documents\MyFolder\C++ Projects\CG_Project\Project_Final\Project_Final\Source.cpp(179,33): warning C4305: '-=': truncation from 'double' to 'GLfloat'
C:\Users\Ekram\Documents\MyFolder\C++ Projects\CG_Project\Project_Final\Project_Final\Source.cpp(182,33): warning C4305: '+=': truncation from 'double' to 'GLfloat'
C:\Users\Ekram\Documents\MyFolder\C++ Projects\CG_Project\Project_Final\Project_Final\Source.cpp(198,87): warning C4305: '-=': truncation from 'double' to 'GLfloat'
C:\Users\Ekram\Documents\MyFolder\C++ Projects\CG_Project\Project_Final\Project_Final\Source.cpp(198,48): warning C4244: '=': conversion from 'double' to 'GLfloat', possible loss of data
C:\Users\Ekram\Documents\MyFolder\C++ Projects\CG_Project\Project_Final\Project_Final\Source.cpp(201,86): warning C4305: '+=': truncation from 'double' to 'GLfloat'
C:\Users\Ekram\Documents\MyFolder\C++ Projects\CG_Project\Project_Final\Project_Final\Source.cpp(201,48): warning C4244: '=': conversion from 'double' to 'GLfloat', possible loss of data
C:\Users\Ekram\Documents\MyFolder\C++ Projects\CG_Project\Project_Final\Project_Final\Source.cpp(204,87): warning C4305: '-=': truncation from 'double' to 'GLfloat'
C:\Users\Ekram\Documents\MyFolder\C++ Projects\CG_Project\Project_Final\Project_Final\Source.cpp(204,48): warning C4244: '=': conversion from 'double' to 'GLfloat', possible loss of data
C:\Users\Ekram\Documents\MyFolder\C++ Projects\CG_Project\Project_Final\Project_Final\Source.cpp(207,86): warning C4305: '+=': truncation from 'double' to 'GLfloat'
C:\Users\Ekram\Documents\MyFolder\C++ Projects\CG_Project\Project_Final\Project_Final\Source.cpp(207,48): warning C4244: '=': conversion from 'double' to 'GLfloat', possible loss of data
C:\Users\Ekram\Documents\MyFolder\C++ Projects\CG_Project\Project_Final\Project_Final\Source.cpp(292,40): warning C4305: 'argument': truncation from 'double' to 'GLfloat'
C:\Users\Ekram\Documents\MyFolder\C++ Projects\CG_Project\Project_Final\Project_Final\Source.cpp(296,44): warning C4244: 'initializing': conversion from 'double' to 'GLfloat', possible loss of data
C:\Users\Ekram\Documents\MyFolder\C++ Projects\CG_Project\Project_Final\Project_Final\Source.cpp(296,31): warning C4244: 'initializing': conversion from 'double' to 'const GLfloat', possible loss of data
C:\Users\Ekram\Documents\MyFolder\C++ Projects\CG_Project\Project_Final\Project_Final\Source.cpp(311,23): warning C4018: '<': signed/unsigned mismatch
C:\Users\Ekram\Documents\MyFolder\C++ Projects\CG_Project\Project_Final\Project_Final\Source.cpp(313,52): warning C4244: '=': conversion from 'double' to 'GLfloat', possible loss of data
C:\Users\Ekram\Documents\MyFolder\C++ Projects\CG_Project\Project_Final\Project_Final\Source.cpp(314,52): warning C4244: '=': conversion from 'double' to 'GLfloat', possible loss of data
C:\Users\Ekram\Documents\MyFolder\C++ Projects\CG_Project\Project_Final\Project_Final\Source.cpp(328,21): warning C4244: '=': conversion from 'double' to 'GLfloat', possible loss of data
C:\Users\Ekram\Documents\MyFolder\C++ Projects\CG_Project\Project_Final\Project_Final\Source.cpp(329,21): warning C4244: '=': conversion from 'double' to 'GLfloat', possible loss of data
C:\Users\Ekram\Documents\MyFolder\C++ Projects\CG_Project\Project_Final\Project_Final\Source.cpp(341,39): warning C4305: 'initializing': truncation from 'double' to 'float'
C:\Users\Ekram\Documents\MyFolder\C++ Projects\CG_Project\Project_Final\Project_Final\Source.cpp(342,39): warning C4305: 'initializing': truncation from 'double' to 'float'
C:\Users\Ekram\Documents\MyFolder\C++ Projects\CG_Project\Project_Final\Project_Final\Source.cpp(343,39): warning C4305: 'initializing': truncation from 'double' to 'float'
C:\Users\Ekram\Documents\MyFolder\C++ Projects\CG_Project\Project_Final\Project_Final\Source.cpp(344,39): warning C4305: 'initializing': truncation from 'double' to 'float'
C:\Users\Ekram\Documents\MyFolder\C++ Projects\CG_Project\Project_Final\Project_Final\Source.cpp(345,39): warning C4305: 'initializing': truncation from 'double' to 'float'
C:\Users\Ekram\Documents\MyFolder\C++ Projects\CG_Project\Project_Final\Project_Final\Source.cpp(346,39): warning C4305: 'initializing': truncation from 'double' to 'float'
C:\Users\Ekram\Documents\MyFolder\C++ Projects\CG_Project\Project_Final\Project_Final\Source.cpp(378,38): warning C4305: 'initializing': truncation from 'double' to 'float'
C:\Users\Ekram\Documents\MyFolder\C++ Projects\CG_Project\Project_Final\Project_Final\Source.cpp(379,38): warning C4305: 'initializing': truncation from 'double' to 'float'
C:\Users\Ekram\Documents\MyFolder\C++ Projects\CG_Project\Project_Final\Project_Final\Source.cpp(380,38): warning C4305: 'initializing': truncation from 'double' to 'float'
C:\Users\Ekram\Documents\MyFolder\C++ Projects\CG_Project\Project_Final\Project_Final\Source.cpp(381,38): warning C4305: 'initializing': truncation from 'double' to 'float'
C:\Users\Ekram\Documents\MyFolder\C++ Projects\CG_Project\Project_Final\Project_Final\Source.cpp(382,38): warning C4305: 'initializing': truncation from 'double' to 'float'
C:\Users\Ekram\Documents\MyFolder\C++ Projects\CG_Project\Project_Final\Project_Final\Source.cpp(385,34): warning C4305: 'argument': truncation from 'double' to 'GLfloat'
C:\Users\Ekram\Documents\MyFolder\C++ Projects\CG_Project\Project_Final\Project_Final\Source.cpp(386,30): warning C4305: 'argument': truncation from 'double' to 'GLfloat'
C:\Users\Ekram\Documents\MyFolder\C++ Projects\CG_Project\Project_Final\Project_Final\Source.cpp(415,28): warning C4305: 'argument': truncation from 'double' to 'GLfloat'
C:\Users\Ekram\Documents\MyFolder\C++ Projects\CG_Project\Project_Final\Project_Final\Source.cpp(458,27): warning C4305: 'argument': truncation from 'double' to 'GLfloat'
C:\Users\Ekram\Documents\MyFolder\C++ Projects\CG_Project\Project_Final\Project_Final\Source.cpp(463,28): warning C4305: 'argument': truncation from 'double' to 'GLfloat'
C:\Users\Ekram\Documents\MyFolder\C++ Projects\CG_Project\Project_Final\Project_Final\Source.cpp(469,27): warning C4305: 'argument': truncation from 'double' to 'GLfloat'
C:\Users\Ekram\Documents\MyFolder\C++ Projects\CG_Project\Project_Final\Project_Final\Source.cpp(475,27): warning C4305: 'argument': truncation from 'double' to 'GLfloat'
C:\Users\Ekram\Documents\MyFolder\C++ Projects\CG_Project\Project_Final\Project_Final\Source.cpp(515,62): warning C4305: 'argument': truncation from 'double' to 'GLfloat'
C:\Users\Ekram\Documents\MyFolder\C++ Projects\CG_Project\Project_Final\Project_Final\Source.cpp(515,28): warning C4244: 'argument': conversion from 'double' to 'GLfloat', possible loss of data
C:\Users\Ekram\Documents\MyFolder\C++ Projects\CG_Project\Project_Final\Project_Final\Source.cpp(516,63): warning C4305: 'argument': truncation from 'double' to 'GLfloat'
C:\Users\Ekram\Documents\MyFolder\C++ Projects\CG_Project\Project_Final\Project_Final\Source.cpp(516,28): warning C4244: 'argument': conversion from 'double' to 'GLfloat', possible loss of data
C:\Users\Ekram\Documents\MyFolder\C++ Projects\CG_Project\Project_Final\Project_Final\Source.cpp(517,65): warning C4305: 'argument': truncation from 'double' to 'GLfloat'
C:\Users\Ekram\Documents\MyFolder\C++ Projects\CG_Project\Project_Final\Project_Final\Source.cpp(517,28): warning C4244: 'argument': conversion from 'double' to 'GLfloat', possible loss of data
C:\Users\Ekram\Documents\MyFolder\C++ Projects\CG_Project\Project_Final\Project_Final\Source.cpp(518,64): warning C4305: 'argument': truncation from 'double' to 'GLfloat'
C:\Users\Ekram\Documents\MyFolder\C++ Projects\CG_Project\Project_Final\Project_Final\Source.cpp(518,28): warning C4244: 'argument': conversion from 'double' to 'GLfloat', possible loss of data
C:\Users\Ekram\Documents\MyFolder\C++ Projects\CG_Project\Project_Final\Project_Final\Source.cpp(519,62): warning C4305: 'argument': truncation from 'double' to 'GLfloat'
C:\Users\Ekram\Documents\MyFolder\C++ Projects\CG_Project\Project_Final\Project_Final\Source.cpp(519,29): warning C4244: 'argument': conversion from 'double' to 'GLfloat', possible loss of data
C:\Users\Ekram\Documents\MyFolder\C++ Projects\CG_Project\Project_Final\Project_Final\Source.cpp(520,61): warning C4305: 'argument': truncation from 'double' to 'GLfloat'
C:\Users\Ekram\Documents\MyFolder\C++ Projects\CG_Project\Project_Final\Project_Final\Source.cpp(520,28): warning C4244: 'argument': conversion from 'double' to 'GLfloat', possible loss of data
C:\Users\Ekram\Documents\MyFolder\C++ Projects\CG_Project\Project_Final\Project_Final\Source.cpp(532,28): warning C4305: 'argument': truncation from 'double' to 'GLfloat'
C:\Users\Ekram\Documents\MyFolder\C++ Projects\CG_Project\Project_Final\Project_Final\Source.cpp(534,33): warning C4305: 'argument': truncation from 'double' to 'GLfloat'
C:\Users\Ekram\Documents\MyFolder\C++ Projects\CG_Project\Project_Final\Project_Final\Source.cpp(540,31): warning C4305: 'argument': truncation from 'double' to 'GLfloat'
C:\Users\Ekram\Documents\MyFolder\C++ Projects\CG_Project\Project_Final\Project_Final\Source.cpp(542,33): warning C4305: 'argument': truncation from 'double' to 'GLfloat'
C:\Users\Ekram\Documents\MyFolder\C++ Projects\CG_Project\Project_Final\Project_Final\Source.cpp(548,31): warning C4305: 'argument': truncation from 'double' to 'GLfloat'
C:\Users\Ekram\Documents\MyFolder\C++ Projects\CG_Project\Project_Final\Project_Final\Source.cpp(550,33): warning C4305: 'argument': truncation from 'double' to 'GLfloat'
C:\Users\Ekram\Documents\MyFolder\C++ Projects\CG_Project\Project_Final\Project_Final\Source.cpp(556,31): warning C4305: 'argument': truncation from 'double' to 'GLfloat'
C:\Users\Ekram\Documents\MyFolder\C++ Projects\CG_Project\Project_Final\Project_Final\Source.cpp(558,32): warning C4305: 'argument': truncation from 'double' to 'GLfloat'
C:\Users\Ekram\Documents\MyFolder\C++ Projects\CG_Project\Project_Final\Project_Final\Source.cpp(568,37): warning C4305: 'argument': truncation from 'double' to 'GLfloat'
C:\Users\Ekram\Documents\MyFolder\C++ Projects\CG_Project\Project_Final\Project_Final\Source.cpp(584,67): warning C4305: 'argument': truncation from 'double' to 'GLfloat'
C:\Users\Ekram\Documents\MyFolder\C++ Projects\CG_Project\Project_Final\Project_Final\Source.cpp(585,68): warning C4305: 'argument': truncation from 'double' to 'GLfloat'
C:\Users\Ekram\Documents\MyFolder\C++ Projects\CG_Project\Project_Final\Project_Final\Source.cpp(588,67): warning C4305: 'argument': truncation from 'double' to 'GLfloat'
C:\Users\Ekram\Documents\MyFolder\C++ Projects\CG_Project\Project_Final\Project_Final\Source.cpp(610,33): warning C4305: 'argument': truncation from 'double' to 'GLfloat'
C:\Users\Ekram\Documents\MyFolder\C++ Projects\CG_Project\Project_Final\Project_Final\Source.cpp(612,48): warning C4305: 'argument': truncation from 'double' to 'GLfloat'
C:\Users\Ekram\Documents\MyFolder\C++ Projects\CG_Project\Project_Final\Project_Final\Source.cpp(613,47): warning C4305: 'argument': truncation from 'double' to 'GLfloat'
C:\Users\Ekram\Documents\MyFolder\C++ Projects\CG_Project\Project_Final\Project_Final\Source.cpp(614,45): warning C4305: 'argument': truncation from 'double' to 'GLfloat'
C:\Users\Ekram\Documents\MyFolder\C++ Projects\CG_Project\Project_Final\Project_Final\Source.cpp(615,48): warning C4305: 'argument': truncation from 'double' to 'GLfloat'
C:\Users\Ekram\Documents\MyFolder\C++ Projects\CG_Project\Project_Final\Project_Final\Source.cpp(636,28): warning C4305: 'argument': truncation from 'double' to 'GLfloat'
C:\Users\Ekram\Documents\MyFolder\C++ Projects\CG_Project\Project_Final\Project_Final\Source.cpp(644,31): warning C4305: 'argument': truncation from 'double' to 'GLfloat'
C:\Users\Ekram\Documents\MyFolder\C++ Projects\CG_Project\Project_Final\Project_Final\Source.cpp(644,58): warning C4305: 'argument': truncation from 'double' to 'GLfloat'
C:\Users\Ekram\Documents\MyFolder\C++ Projects\CG_Project\Project_Final\Project_Final\Source.cpp(645,32): warning C4305: 'argument': truncation from 'double' to 'GLfloat'
C:\Users\Ekram\Documents\MyFolder\C++ Projects\CG_Project\Project_Final\Project_Final\Source.cpp(645,58): warning C4305: 'argument': truncation from 'double' to 'GLfloat'
C:\Users\Ekram\Documents\MyFolder\C++ Projects\CG_Project\Project_Final\Project_Final\Source.cpp(647,32): warning C4305: 'argument': truncation from 'double' to 'GLfloat'
C:\Users\Ekram\Documents\MyFolder\C++ Projects\CG_Project\Project_Final\Project_Final\Source.cpp(647,59): warning C4305: 'argument': truncation from 'double' to 'GLfloat'
C:\Users\Ekram\Documents\MyFolder\C++ Projects\CG_Project\Project_Final\Project_Final\Source.cpp(648,32): warning C4305: 'argument': truncation from 'double' to 'GLfloat'
C:\Users\Ekram\Documents\MyFolder\C++ Projects\CG_Project\Project_Final\Project_Final\Source.cpp(648,60): warning C4305: 'argument': truncation from 'double' to 'GLfloat'
C:\Users\Ekram\Documents\MyFolder\C++ Projects\CG_Project\Project_Final\Project_Final\Source.cpp(659,31): warning C4305: 'argument': truncation from 'double' to 'GLfloat'
C:\Users\Ekram\Documents\MyFolder\C++ Projects\CG_Project\Project_Final\Project_Final\Source.cpp(682,101): warning C4305: 'argument': truncation from 'double' to 'GLfloat'
C:\Users\Ekram\Documents\MyFolder\C++ Projects\CG_Project\Project_Final\Project_Final\Source.cpp(695,24): warning C4305: '+=': truncation from 'double' to 'GLfloat'
C:\Users\Ekram\Documents\MyFolder\C++ Projects\CG_Project\Project_Final\Project_Final\Source.cpp(697,21): warning C4305: '=': truncation from 'double' to 'GLfloat'
C:\Users\Ekram\Documents\MyFolder\C++ Projects\CG_Project\Project_Final\Project_Final\Source.cpp(712,50): warning C4305: 'argument': truncation from 'double' to 'GLclampf'
C:\Users\Ekram\Documents\MyFolder\C++ Projects\CG_Project\Project_Final\Project_Final\Source.cpp(715,25): warning C4305: '-=': truncation from 'double' to 'GLfloat'
C:\Users\Ekram\Documents\MyFolder\C++ Projects\CG_Project\Project_Final\Project_Final\Source.cpp(716,26): warning C4305: '+=': truncation from 'double' to 'GLfloat'
C:\Users\Ekram\Documents\MyFolder\C++ Projects\CG_Project\Project_Final\Project_Final\Source.cpp(732,82): warning C4244: '-=': conversion from 'double' to 'GLfloat', possible loss of data
C:\Users\Ekram\Documents\MyFolder\C++ Projects\CG_Project\Project_Final\Project_Final\Source.cpp(732,45): warning C4244: '=': conversion from 'double' to 'GLfloat', possible loss of data
C:\Users\Ekram\Documents\MyFolder\C++ Projects\CG_Project\Project_Final\Project_Final\Source.cpp(739,50): warning C4305: 'argument': truncation from 'double' to 'GLclampf'
C:\Users\Ekram\Documents\MyFolder\C++ Projects\CG_Project\Project_Final\Project_Final\Source.cpp(754,50): warning C4305: 'argument': truncation from 'double' to 'GLclampf'
C:\Users\Ekram\Documents\MyFolder\C++ Projects\CG_Project\Project_Final\Project_Final\Source.cpp(770,50): warning C4305: 'argument': truncation from 'double' to 'GLclampf'
C:\Users\Ekram\Documents\MyFolder\C++ Projects\CG_Project\Project_Final\Project_Final\Source.cpp(798,14): warning C4305: '+=': truncation from 'double' to 'GLfloat'
C:\Users\Ekram\Documents\MyFolder\C++ Projects\CG_Project\Project_Final\Project_Final\Source.cpp(866,35): warning C4305: 'argument': truncation from 'double' to 'GLfloat'
C:\Users\Ekram\Documents\MyFolder\C++ Projects\CG_Project\Project_Final\Project_Final\Source.cpp(873,33): warning C4305: 'argument': truncation from 'double' to 'GLfloat'
C:\Users\Ekram\Documents\MyFolder\C++ Projects\CG_Project\Project_Final\Project_Final\Source.cpp(875,28): warning C4305: 'argument': truncation from 'double' to 'GLfloat'
C:\Users\Ekram\Documents\MyFolder\C++ Projects\CG_Project\Project_Final\Project_Final\Source.cpp(880,46): warning C4305: 'argument': truncation from 'double' to 'GLfloat'
C:\Users\Ekram\Documents\MyFolder\C++ Projects\CG_Project\Project_Final\Project_Final\Source.cpp(881,48): warning C4305: 'argument': truncation from 'double' to 'GLfloat'
C:\Users\Ekram\Documents\MyFolder\C++ Projects\CG_Project\Project_Final\Project_Final\Source.cpp(882,48): warning C4305: 'argument': truncation from 'double' to 'GLfloat'
C:\Users\Ekram\Documents\MyFolder\C++ Projects\CG_Project\Project_Final\Project_Final\Source.cpp(883,46): warning C4305: 'argument': truncation from 'double' to 'GLfloat'
C:\Users\Ekram\Documents\MyFolder\C++ Projects\CG_Project\Project_Final\Project_Final\Source.cpp(887,31): warning C4305: 'argument': truncation from 'double' to 'GLfloat'
C:\Users\Ekram\Documents\MyFolder\C++ Projects\CG_Project\Project_Final\Project_Final\Source.cpp(890,19): warning C4305: 'argument': truncation from 'double' to 'const GLfloat'
C:\Users\Ekram\Documents\MyFolder\C++ Projects\CG_Project\Project_Final\Project_Final\Source.cpp(909,53): warning C4305: 'argument': truncation from 'double' to 'float'
C:\Users\Ekram\Documents\MyFolder\C++ Projects\CG_Project\Project_Final\Project_Final\Source.cpp(911,35): warning C4305: 'argument': truncation from 'double' to 'float'
  Project_Final.vcxproj -> C:\Users\Ekram\Documents\MyFolder\C++ Projects\CG_Project\Project_Final\x64\Debug\Project_Final.exe
